<?xml version="1.0" encoding="UTF-8"?>
<!-- Generated by org.testng.reporters.JUnitXMLReporter -->
<testsuite ignored="2" hostname="vamshikrishna" failures="0" tests="3" name="Test" time="103.597" errors="0" timestamp="2025-04-16T21:22:40 IST">
  <testcase classname="Instances.BaseClass" name="@BeforeMethod login" time="0.002">
    <failure type="java.lang.NullPointerException" message="Cannot invoke &amp;quot;java.util.Properties.getProperty(String)&amp;quot; because &amp;quot;this.properties&amp;quot; is null">
      <![CDATA[java.lang.NullPointerException: Cannot invoke "java.util.Properties.getProperty(String)" because "this.properties" is null
at Instances.BaseClass.login(BaseClass.java:74)
at java.base/java.util.ArrayList.forEach(ArrayList.java:1597)
... Removed 29 stack frames]]>
    </failure>
  </testcase> <!-- @BeforeMethod login -->
  <testcase classname="Instances.BaseClass" name="@AfterMethod logOut" time="-1.744818758718E9">
    <skipped/>
  </testcase> <!-- @AfterMethod logOut -->
  <testcase classname="Instances.BaseClass" name="@AfterClass closeBrowser" time="-1.74481875872E9">
    <skipped/>
  </testcase> <!-- @AfterClass closeBrowser -->
  <testcase classname="Instances.BaseClass" name="@BeforeMethod login" time="0.0">
    <failure type="java.lang.NullPointerException" message="Cannot invoke &amp;quot;java.util.Properties.getProperty(String)&amp;quot; because &amp;quot;this.properties&amp;quot; is null">
      <![CDATA[java.lang.NullPointerException: Cannot invoke "java.util.Properties.getProperty(String)" because "this.properties" is null
at Instances.BaseClass.login(BaseClass.java:74)
at java.base/java.util.ArrayList.forEach(ArrayList.java:1597)
... Removed 29 stack frames]]>
    </failure>
  </testcase> <!-- @BeforeMethod login -->
  <testcase classname="Instances.BaseClass" name="@AfterMethod logOut" time="-1.744818760607E9">
    <skipped/>
  </testcase> <!-- @AfterMethod logOut -->
  <testcase classname="Instances.BaseClass" name="@AfterClass closeBrowser" time="-1.744818760611E9">
    <skipped/>
  </testcase> <!-- @AfterClass closeBrowser -->
  <testcase classname="TestClasses.VerifyLoginTest" name="verifyLoginTest" time="0.037"/>
  <testcase classname="TestClasses.AddAgentsTest" name="addAgentsTest" time="0.0">
    <skipped/>
  </testcase> <!-- addAgentsTest -->
  <testcase classname="TestClasses.FullTeamSetUpTest" name="teamSetUpTest" time="0.0">
    <skipped/>
  </testcase> <!-- teamSetUpTest -->
  <testcase classname="Instances.BaseClass" name="@BeforeTest config" time="0.0">
    <ignored/>
  </testcase> <!-- @BeforeTest config -->
  <testcase classname="Instances.BaseClass" name="@BeforeTest config" time="0.0">
    <ignored/>
  </testcase> <!-- @BeforeTest config -->
</testsuite> <!-- Test -->
