<?xml version="1.0" encoding="UTF-8"?>
<testng-results ignored="0" total="1" passed="1" failed="0" skipped="0">
  <reporter-output>
  </reporter-output>
  <suite started-at="2025-04-16T21:54:45 IST" name="Default suite" finished-at="2025-04-16T21:55:28 IST" duration-ms="43506">
    <groups>
    </groups>
    <test started-at="2025-04-16T21:54:45 IST" name="Default test" finished-at="2025-04-16T21:55:28 IST" duration-ms="43506">
      <class name="TestClasses.FullTeamSetUpTest">
        <test-method is-config="true" signature="config()[pri:0, instance:TestClasses.FullTeamSetUpTest@4562e04d]" started-at="2025-04-16T21:54:45 IST" name="config" finished-at="2025-04-16T21:54:45 IST" duration-ms="11" status="PASS">
          <reporter-output>
          </reporter-output>
        </test-method> <!-- config -->
        <test-method is-config="true" signature="openBrowser()[pri:0, instance:TestClasses.FullTeamSetUpTest@4562e04d]" started-at="2025-04-16T21:54:45 IST" name="openBrowser" finished-at="2025-04-16T21:54:47 IST" duration-ms="2324" status="PASS">
          <reporter-output>
          </reporter-output>
        </test-method> <!-- openBrowser -->
        <test-method is-config="true" signature="login()[pri:0, instance:TestClasses.FullTeamSetUpTest@4562e04d]" started-at="2025-04-16T21:54:47 IST" name="login" finished-at="2025-04-16T21:55:00 IST" duration-ms="12439" status="PASS">
          <reporter-output>
          </reporter-output>
        </test-method> <!-- login -->
        <test-method signature="teamSetUpTest()[pri:0, instance:TestClasses.FullTeamSetUpTest@4562e04d]" started-at="2025-04-16T21:55:00 IST" name="teamSetUpTest" finished-at="2025-04-16T21:55:26 IST" duration-ms="26779" status="PASS">
          <reporter-output>
          </reporter-output>
        </test-method> <!-- teamSetUpTest -->
        <test-method is-config="true" signature="logOut()[pri:0, instance:TestClasses.FullTeamSetUpTest@4562e04d]" started-at="2025-04-16T21:55:26 IST" name="logOut" finished-at="2025-04-16T21:55:28 IST" duration-ms="1494" status="PASS">
          <reporter-output>
          </reporter-output>
        </test-method> <!-- logOut -->
        <test-method is-config="true" signature="closeBrowser()[pri:0, instance:TestClasses.FullTeamSetUpTest@4562e04d]" started-at="2025-04-16T21:55:28 IST" name="closeBrowser" finished-at="2025-04-16T21:55:28 IST" duration-ms="395" status="PASS">
          <reporter-output>
          </reporter-output>
        </test-method> <!-- closeBrowser -->
      </class> <!-- TestClasses.FullTeamSetUpTest -->
    </test> <!-- Default test -->
  </suite> <!-- Default suite -->
</testng-results>
