<?xml version="1.0" encoding="UTF-8"?>
<testng-results ignored="0" total="1" passed="1" failed="0" skipped="0">
  <reporter-output>
  </reporter-output>
  <suite started-at="2025-04-05T17:48:01 IST" name="Suite" finished-at="2025-04-05T17:48:22 IST" duration-ms="20826">
    <groups>
    </groups>
    <test started-at="2025-04-05T17:48:01 IST" name="Test" finished-at="2025-04-05T17:48:22 IST" duration-ms="20826">
      <class name="TestClasses.VerifyLoginTest">
        <test-method is-config="true" signature="config()[pri:0, instance:TestClasses.VerifyLoginTest@7cc0cdad]" started-at="2025-04-05T17:48:01 IST" name="config" finished-at="2025-04-05T17:48:01 IST" duration-ms="13" status="PASS">
          <reporter-output>
          </reporter-output>
        </test-method> <!-- config -->
        <test-method is-config="true" signature="openBrowser()[pri:0, instance:TestClasses.VerifyLoginTest@7cc0cdad]" started-at="2025-04-05T17:48:01 IST" name="openBrowser" finished-at="2025-04-05T17:48:04 IST" duration-ms="2497" status="PASS">
          <reporter-output>
          </reporter-output>
        </test-method> <!-- openBrowser -->
        <test-method is-config="true" signature="login()[pri:0, instance:TestClasses.VerifyLoginTest@7cc0cdad]" started-at="2025-04-05T17:48:04 IST" name="login" finished-at="2025-04-05T17:48:19 IST" duration-ms="15704" status="PASS">
          <reporter-output>
          </reporter-output>
        </test-method> <!-- login -->
        <test-method signature="verifyLoginTest()[pri:0, instance:TestClasses.VerifyLoginTest@7cc0cdad]" started-at="2025-04-05T17:48:19 IST" name="verifyLoginTest" finished-at="2025-04-05T17:48:19 IST" duration-ms="57" status="PASS">
          <reporter-output>
          </reporter-output>
        </test-method> <!-- verifyLoginTest -->
        <test-method is-config="true" signature="logOut()[pri:0, instance:TestClasses.VerifyLoginTest@7cc0cdad]" started-at="2025-04-05T17:48:19 IST" name="logOut" finished-at="2025-04-05T17:48:22 IST" duration-ms="2094" status="PASS">
          <reporter-output>
          </reporter-output>
        </test-method> <!-- logOut -->
        <test-method is-config="true" signature="closeBrowser()[pri:0, instance:TestClasses.VerifyLoginTest@7cc0cdad]" started-at="2025-04-05T17:48:22 IST" name="closeBrowser" finished-at="2025-04-05T17:48:22 IST" duration-ms="389" status="PASS">
          <reporter-output>
          </reporter-output>
        </test-method> <!-- closeBrowser -->
      </class> <!-- TestClasses.VerifyLoginTest -->
    </test> <!-- Test -->
  </suite> <!-- Suite -->
</testng-results>
